
 KERNEL B:  SOLVING A POISSON PROBLEM ON A    128 BY    128 BY    128 GRID,
 USING     40 MULTIGRID ITERATIONS.

  NEGATIVE CHARGES AT
 ( 65, 48, 27) ( 14, 31, 30) ( 41, 51, 59) ( 31, 64, 56) ( 34, 39,  2)
 ( 28, 27, 27) ( 27, 16, 38) ( 20, 47, 38) ( 52, 17, 25) ( 40, 62, 53)
  POSITIVE CHARGES AT
 ( 60, 17, 56) ( 60, 21, 64) ( 53, 48, 28) ( 10, 18, 50) ( 19, 45, 55)
 ( 25, 49, 59) ( 22, 34, 60) ( 47, 25, 51) ( 41,  2,  7) ( 29, 34, 47)
    0.000000E+00
    0.000000E+00
    0.000000E+00
    0.000000E+00
    0.000000E+00
    0.000000E+00
    0.000000E+00
    0.000000E+00
    0.103090E-02
    0.103090E-02
    0.184495E-02
    0.184495E-02
    0.366257E-03
    0.366257E-03
    0.436098E-03
    0.436098E-03
    0.442029E-03
    0.442029E-03
    0.442962E-03
    0.442962E-03
   -0.117182E-03
    0.135785E-02
    0.143262E-02
   -0.207209E-02
   -0.439093E-02
   -0.151926E-03
    0.770720E-03
    0.443145E-03
   -0.115550E-03
    0.135812E-02
    0.143215E-02
   -0.207290E-02
   -0.439865E-02
   -0.148903E-03
    0.770521E-03
    0.443145E-03
   -0.115550E-03
    0.135812E-02
    0.143215E-02
   -0.207290E-02
   -0.439865E-02
   -0.148903E-03
    0.770521E-03
    0.427642E-03
    0.427642E-03
    0.505617E-03
    0.505617E-03
    0.195100E-03
    0.195100E-03
    0.234819E-03
    0.234819E-03
    0.236938E-03
    0.236938E-03
    0.236967E-03
    0.680112E-03
   -0.124927E-03
    0.169724E-02
    0.152416E-02
   -0.258460E-02
   -0.505472E-02
   -0.246296E-03
    0.837736E-03
    0.680084E-03
   -0.125624E-03
    0.169706E-02
    0.152418E-02
   -0.258464E-02
   -0.505250E-02
   -0.246718E-03
    0.837139E-03
    0.680084E-03
   -0.125624E-03
    0.169706E-02
    0.152418E-02
   -0.258464E-02
   -0.505250E-02
   -0.246718E-03
    0.837139E-03
    0.123614E-03
    0.123614E-03
    0.114882E-03
    0.114882E-03
    0.539956E-04
    0.539956E-04
    0.647029E-04
    0.647029E-04
    0.649863E-04
    0.649863E-04
    0.649360E-04
